misharash возвратил ../pages/index.php к версии ../pages/backup/index_2013-12-24_06-03-40.php - 25 December 2013, 20-25-14 по одесскому времени.<br />
misharash возвратил ../pages/tables/dz.csv к версии ../pages/tables/backup/dz_clean.csv - 31 December 2013, 17-45-56 по одесскому времени.<br />
misharash возвратил ../pages/tables/dz.csv к версии ../pages/tables/backup/dz_clean.csv - 31 December 2013, 17-47-06 по одесскому времени.<br />
misharash возвратил ../pages/news/28.txt к версии ../pages/news/backup/number28_2014-01-01_17-33-21.txt - 04 January 2014, 16-01-20 по одесскому времени.<br />
misharash возвратил ../pages/students.php к версии ../pages/backup/students_2014-01-03_14-09-06.php - 04 January 2014, 16-03-23 по одесскому времени.<br />
misharash возвратил ../pages/tables/dz.csv к версии ../pages/tables/backup/dz_clean.csv - 18 January 2014, 19-03-59 по одесскому времени.<br />
misharash возвратил ../pages/tables/dz.csv к версии ../pages/tables/backup/dz_clean.csv - 02 February 2014, 11-03-29 по одесскому времени.<br />
misharash возвратил ../pages/tables/dz.csv к версии ../pages/tables/backup/dz_2014-01-30_21-21-19.csv - 02 February 2014, 11-35-41 по одесскому времени.<br />
misharash возвратил ../pages/tables/dz.csv к версии ../pages/tables/backup/dz_clean.csv - 08 February 2014, 17-02-27 по одесскому времени.<br />
misharash возвратил ../pages/tables/dz.csv к версии ../pages/tables/backup/dz_clean.csv - 15 February 2014, 20-26-08 по одесскому времени.<br />
misharash возвратил ../pages/tables/dz.csv к версии ../pages/tables/backup/dz_2014-02-25_23-14-20.csv - 26 February 2014, 00-51-36 по одесскому времени.<br />
misharash возвратил ../pages/tables/dz.csv к версии ../pages/tables/backup/dz_2014-02-26_01-03-09.csv - 26 February 2014, 20-24-59 по одесскому времени.<br />
misharash возвратил ../pages/tables/dz.csv к версии ../pages/tables/backup/dz_clean.csv - 28 February 2014, 23-31-48 по одесскому времени.<br />
misharash возвратил ../pages/tables/dz.csv к версии ../pages/tables/backup/dz_clean.csv - 08 March 2014, 22-30-37 по одесскому времени.<br />
misharash возвратил ../pages/tables/dz.csv к версии ../pages/tables/backup/dz_clean.csv - 15 March 2014, 01-00-59 по одесскому времени.<br />
misharash возвратил ../pages/tables/dz.csv к версии ../pages/tables/backup/dz_2014-03-18_23-42-46.csv - 18 March 2014, 23-46-36 по одесскому времени.<br />
misharash возвратил ../pages/tables/dz.csv к версии ../pages/tables/backup/dz_clean.csv - 29 March 2014, 17-25-59 по одесскому времени.<br />
misharash возвратил ../pages/tables/dz.csv к версии ../pages/tables/backup/dz_clean.csv - 05 April 2014, 18-36-51 по одесскому времени.<br />
misharash возвратил ../pages/tables/dz.csv к версии ../pages/tables/backup/dz_2014-04-03_21-20-29.csv - 05 April 2014, 21-43-52 по одесскому времени.<br />
misharash возвратил ../pages/tables/dz.csv к версии ../pages/tables/backup/dz_2014-04-05_21-41-00.csv - 05 April 2014, 21-44-20 по одесскому времени.<br />
misharash возвратил ../pages/tables/dz.csv к версии ../pages/tables/backup/dz_clean.csv - 13 April 2014, 01-02-47 по одесскому времени.<br />
misharash возвратил ../pages/tables/dz.csv к версии ../pages/tables/backup/dz_clean.csv - 19 April 2014, 16-48-42 по одесскому времени.<br />
misharash возвратил ../pages/tables/dz.csv к версии ../pages/tables/backup/dz_clean.csv - 26 April 2014, 17-49-09 по одесскому времени.<br />
misharash возвратил ../pages/tables/dz.csv к версии ../pages/tables/backup/dz_2014-04-25_01-01-42.csv - 27 April 2014, 00-09-44 по одесскому времени.<br />
misharash возвратил ../pages/tables/dz.csv к версии ../pages/tables/backup/dz_2014-04-27_00-09-03.csv - 27 April 2014, 00-09-54 по одесскому времени.<br />
misharash возвратил ../pages/tables/dz.csv к версии ../pages/tables/backup/dz_clean.csv - 03 May 2014, 00-09-09 по одесскому времени.<br />
ykozachok возвратил ../pages/tables/dz.csv к версии ../pages/tables/backup/dz_clean.csv - 10 May 2014, 17-37-15 по одесскому времени.<br />
misharash возвратил ../pages/tables/dz.csv к версии ../pages/tables/backup/dz_2014-05-11_15-40-50.csv - 11 May 2014, 21-12-13 по одесскому времени.<br />
misharash возвратил ../pages/tables/dz.csv к версии ../pages/tables/backup/dz_2014-05-28_22-42-59.csv - 02 September 2014, 19-06-09 по одесскому времени.<br />
misharash возвратил ../pages/tables/dz.csv к версии ../pages/tables/backup/dz_2014-09-02_19-36-02.csv - 07 September 2014, 11-19-22 по одесскому времени.<br />
misharash возвратил ../pages/tables/dz.csv к версии ../pages/tables/backup/dz_2014-09-02_19-42-46.csv - 07 September 2014, 11-28-42 по одесскому времени.<br />
misharash возвратил ../pages/tables/dz.csv к версии ../pages/tables/backup/dz_2014-10-13_17-55-50.csv - 02 November 2014, 12-16-05 по одесскому времени.<br />
misharash возвратил ../pages/tables/dz.csv к версии ../pages/tables/backup/dz_2014-10-13_17-55-50.csv - 02 November 2014, 12-16-05 по одесскому времени.<br />
misharash возвратил ../pages/archive.php к версии ../pages/backup/archive_2014-11-29_17-39-38.php - 30 November 2014, 13-06-07 по одесскому времени.<br />
misharash возвратил ../pages/archive.php к версии ../pages/backup/archive_2014-11-29_17-33-00.php - 30 November 2014, 13-06-41 по одесскому времени.<br />
misharash возвратил ../pages/tables/dz.csv к версии ../pages/tables/backup/dz_2015-02-11_21-43-53.csv - 11 February 2015, 21-45-43 по одесскому времени.<br />
misharash возвратил ../pages/tables/dz.csv к версии ../pages/tables/backup/dz_2015-02-18_21-15-21.csv - 22 February 2015, 15-12-18 по одесскому времени.<br />
misharash возвратил ../pages/tables/dz.csv к версии ../pages/tables/backup/dz_2015-02-22_14-55-03.csv - 22 February 2015, 15-24-11 по одесскому времени.<br />
misharash возвратил ../pages/tables/dz.csv к версии ../pages/tables/backup/dz_2015-02-18_21-15-21.csv - 01 March 2015, 12-16-23 по одесскому времени.<br />
misharash возвратил ../pages/tables/dz.csv к версии ../pages/tables/backup/dz_2015-03-04_22-12-19.csv - 04 March 2015, 22-21-54 по одесскому времени.<br />
misharash возвратил ../pages/tables/dz.csv к версии ../pages/tables/backup/dz_2015-03-04_22-12-19.csv - 15 March 2015, 13-49-41 по одесскому времени.<br />
misharash возвратил ../pages/tables/dz.csv к версии ../pages/tables/backup/dz_2015-04-04_19-08-56.csv - 19 April 2015, 10-47-56 по одесскому времени.<br />
misharash возвратил ../pages/tables/dz.csv к версии ../pages/tables/backup/dz_2015-03-04_22-12-19.csv - 26 April 2015, 11-56-01 по одесскому времени.<br />
misharash возвратил ../pages/tables/dz.csv к версии ../pages/tables/backup/dz_2015-04-08_19-04-20.csv - 03 May 2015, 23-51-34 по одесскому времени.<br />
misharash возвратил ../pages/tables/dz.csv к версии ../pages/tables/backup/dz_2015-05-07_18-02-22.csv - 11 May 2015, 17-02-25 по одесскому времени.<br />
misharash возвратил ../pages/tables/dz.csv к версии ../pages/tables/backup/dz_2015-02-11_21-45-18.csv - 17 May 2015, 12-54-23 по одесскому времени.<br />
misharash возвратил ../pages/tables/dz.csv к версии ../pages/tables/backup/dz_2015-02-11_21-43-53.csv - 17 May 2015, 12-57-31 по одесскому времени.<br />
