misharash начал редактировать новость №1 - 31 August 2013, 11-44-39 по одесскому времени.<br />
misharash сохранил новость №1 - 31 August 2013, 11-45-46 по одесскому времени.<br />
misharash начал редактировать новость №2 - 01 September 2013, 13-08-07 по одесскому времени.<br />
misharash сохранил новость №2 - 01 September 2013, 13-20-12 по одесскому времени.<br />
misharash начал редактировать новость №2 - 01 September 2013, 13-20-42 по одесскому времени.<br />
misharash сохранил новость №2 - 01 September 2013, 13-21-25 по одесскому времени.<br />
liza.sekunda начал редактировать новость №1 - 01 September 2013, 20-27-13 по одесскому времени.<br />
ykozachok начал редактировать новость №3 - 04 September 2013, 16-47-24 по одесскому времени.<br />
ykozachok сохранил новость №3 - 04 September 2013, 16-48-11 по одесскому времени.<br />
ykozachok начал редактировать новость №1 - 04 September 2013, 16-48-26 по одесскому времени.<br />
misharash начал редактировать новость №3 - 04 September 2013, 18-06-54 по одесскому времени.<br />
misharash сохранил новость №3 - 04 September 2013, 18-07-30 по одесскому времени.<br />
misharash начал редактировать новость №4 - 15 September 2013, 18-19-38 по одесскому времени.<br />
misharash начал редактировать новость №4 - 15 September 2013, 18-21-38 по одесскому времени.<br />
misharash сохранил новость №4 - 15 September 2013, 18-25-05 по одесскому времени.<br />
misharash начал редактировать новость №4 - 15 September 2013, 18-27-19 по одесскому времени.<br />
misharash сохранил новость №4 - 15 September 2013, 18-27-27 по одесскому времени.<br />
misharash начал редактировать новость №4 - 15 September 2013, 18-27-35 по одесскому времени.<br />
misharash сохранил новость №4 - 15 September 2013, 18-27-59 по одесскому времени.<br />
misharash начал редактировать новость №5 - 18 September 2013, 18-49-07 по одесскому времени.<br />
misharash сохранил новость №5 - 18 September 2013, 18-51-08 по одесскому времени.<br />
ykozachok начал редактировать новость №6 - 03 October 2013, 16-26-45 по одесскому времени.<br />
ykozachok сохранил новость №6 - 03 October 2013, 16-27-14 по одесскому времени.<br />
liza.sekunda начал редактировать новость №6 - 03 October 2013, 17-34-29 по одесскому времени.<br />
liza.sekunda сохранил новость №6 - 03 October 2013, 17-38-09 по одесскому времени.<br />
liza.sekunda начал редактировать новость №6 - 03 October 2013, 17-38-32 по одесскому времени.<br />
liza.sekunda сохранил новость №6 - 03 October 2013, 17-38-43 по одесскому времени.<br />
liza.sekunda сохранил новость №6 - 03 October 2013, 17-39-01 по одесскому времени.<br />
Drakon начал редактировать новость №6 - 03 October 2013, 20-18-39 по одесскому времени.<br />
Drakon сохранил новость №6 - 03 October 2013, 20-19-31 по одесскому времени.<br />
liza.sekunda начал редактировать новость №6 - 03 October 2013, 21-04-18 по одесскому времени.<br />
liza.sekunda сохранил новость №6 - 03 October 2013, 21-05-28 по одесскому времени.<br />
misharash начал редактировать новость №6 - 05 October 2013, 19-39-34 по одесскому времени.<br />
misharash начал редактировать новость №6 - 11 October 2013, 23-51-07 по одесскому времени.<br />
misharash сохранил новость №6 - 11 October 2013, 23-51-50 по одесскому времени.<br />
misharash начал редактировать новость №7 - 13 October 2013, 15-57-27 по одесскому времени.<br />
misharash сохранил новость №7 - 13 October 2013, 15-59-46 по одесскому времени.<br />
misharash начал редактировать новость №7 - 13 October 2013, 16-00-11 по одесскому времени.<br />
misharash сохранил новость №7 - 13 October 2013, 16-00-19 по одесскому времени.<br />
misharash начал редактировать новость №8 - 14 October 2013, 18-03-40 по одесскому времени.<br />
misharash сохранил новость №8 - 14 October 2013, 18-05-38 по одесскому времени.<br />
misharash начал редактировать новость №9 - 18 October 2013, 22-04-34 по одесскому времени.<br />
misharash сохранил новость №9 - 18 October 2013, 22-05-49 по одесскому времени.<br />
misharash начал редактировать новость №10 - 18 October 2013, 22-06-41 по одесскому времени.<br />
misharash сохранил новость №10 - 18 October 2013, 22-08-49 по одесскому времени.<br />
misharash начал редактировать новость №11 - 24 October 2013, 17-28-30 по одесскому времени.<br />
misharash сохранил новость №11 - 24 October 2013, 17-31-28 по одесскому времени.<br />
misharash начал редактировать новость №12 - 26 October 2013, 21-06-12 по одесскому времени.<br />
misharash сохранил новость №12 - 26 October 2013, 21-08-29 по одесскому времени.<br />
misharash начал редактировать новость №13 - 01 November 2013, 15-42-03 по одесскому времени.<br />
misharash сохранил новость №13 - 01 November 2013, 15-47-59 по одесскому времени.<br />
misharash начал редактировать новость №14 - 01 November 2013, 15-48-04 по одесскому времени.<br />
misharash сохранил новость №14 - 01 November 2013, 15-49-07 по одесскому времени.<br />
misharash начал редактировать новость №14 - 01 November 2013, 15-49-12 по одесскому времени.<br />
misharash сохранил новость №14 - 01 November 2013, 15-49-18 по одесскому времени.<br />
misharash начал редактировать новость №14 - 01 November 2013, 15-50-41 по одесскому времени.<br />
misharash сохранил новость №14 - 01 November 2013, 15-50-47 по одесскому времени.<br />
misharash начал редактировать новость №13 - 01 November 2013, 15-50-51 по одесскому времени.<br />
misharash сохранил новость №13 - 01 November 2013, 15-50-58 по одесскому времени.<br />
misharash начал редактировать новость №14 - 01 November 2013, 23-20-44 по одесскому времени.<br />
misharash сохранил новость №14 - 01 November 2013, 23-20-56 по одесскому времени.<br />
misharash начал редактировать новость №14 - 04 November 2013, 19-43-06 по одесскому времени.<br />
misharash сохранил новость №14 - 04 November 2013, 19-43-44 по одесскому времени.<br />
misharash начал редактировать новость №14 - 04 November 2013, 19-43-48 по одесскому времени.<br />
misharash сохранил новость №14 - 04 November 2013, 19-43-54 по одесскому времени.<br />
misharash начал редактировать новость №15 - 09 November 2013, 19-01-47 по одесскому времени.<br />
misharash сохранил новость №15 - 09 November 2013, 19-02-46 по одесскому времени.<br />
misharash начал редактировать новость №16 - 09 November 2013, 19-04-40 по одесскому времени.<br />
misharash сохранил новость №16 - 09 November 2013, 19-14-24 по одесскому времени.<br />
misharash начал редактировать новость №15 - 09 November 2013, 19-15-16 по одесскому времени.<br />
misharash начал редактировать новость №16 - 09 November 2013, 19-15-18 по одесскому времени.<br />
misharash сохранил новость №16 - 09 November 2013, 19-16-01 по одесскому времени.<br />
misharash сохранил новость №15 - 09 November 2013, 19-16-04 по одесскому времени.<br />
misharash начал редактировать новость №15 - 10 November 2013, 11-42-18 по одесскому времени.<br />
misharash начал редактировать новость №16 - 10 November 2013, 11-42-19 по одесскому времени.<br />
misharash начал редактировать новость №17 - 10 November 2013, 11-42-40 по одесскому времени.<br />
misharash сохранил новость №15 - 10 November 2013, 11-50-46 по одесскому времени.<br />
misharash сохранил новость №16 - 10 November 2013, 11-50-50 по одесскому времени.<br />
misharash сохранил новость №17 - 10 November 2013, 11-50-52 по одесскому времени.<br />
misharash начал редактировать новость №15 - 10 November 2013, 11-51-16 по одесскому времени.<br />
misharash сохранил новость №15 - 10 November 2013, 11-52-18 по одесскому времени.<br />
misharash начал редактировать новость №15 - 10 November 2013, 11-52-44 по одесскому времени.<br />
misharash сохранил новость №15 - 10 November 2013, 11-52-55 по одесскому времени.<br />
misharash начал редактировать новость №18 - 10 November 2013, 12-28-52 по одесскому времени.<br />
misharash начал редактировать новость №17 - 10 November 2013, 12-28-57 по одесскому времени.<br />
misharash сохранил новость №17 - 10 November 2013, 12-29-51 по одесскому времени.<br />
misharash начал редактировать новость №17 - 10 November 2013, 12-30-46 по одесскому времени.<br />
misharash сохранил новость №17 - 10 November 2013, 12-31-52 по одесскому времени.<br />
misharash начал редактировать новость №17 - 10 November 2013, 12-53-50 по одесскому времени.<br />
misharash сохранил новость №17 - 10 November 2013, 12-54-33 по одесскому времени.<br />
misharash начал редактировать новость №17 - 10 November 2013, 12-54-45 по одесскому времени.<br />
misharash сохранил новость №17 - 10 November 2013, 12-54-58 по одесскому времени.<br />
misharash начал редактировать новость №17 - 11 November 2013, 19-38-02 по одесскому времени.<br />
misharash сохранил новость №17 - 11 November 2013, 19-39-50 по одесскому времени.<br />
misharash начал редактировать новость №17 - 11 November 2013, 19-40-08 по одесскому времени.<br />
misharash сохранил новость №17 - 11 November 2013, 19-40-21 по одесскому времени.<br />
misharash начал редактировать новость №17 - 11 November 2013, 19-41-32 по одесскому времени.<br />
misharash сохранил новость №17 - 11 November 2013, 19-42-28 по одесскому времени.<br />
misharash начал редактировать новость №17 - 13 November 2013, 18-50-30 по одесскому времени.<br />
misharash сохранил новость №17 - 13 November 2013, 18-52-08 по одесскому времени.<br />
misharash начал редактировать новость №17 - 16 November 2013, 15-20-32 по одесскому времени.<br />
misharash сохранил новость №17 - 16 November 2013, 15-22-18 по одесскому времени.<br />
misharash начал редактировать новость №17 - 16 November 2013, 15-22-58 по одесскому времени.<br />
misharash сохранил новость №17 - 16 November 2013, 15-23-19 по одесскому времени.<br />
misharash начал редактировать новость №17 - 28 November 2013, 14-51-41 по одесскому времени.<br />
misharash сохранил новость №17 - 28 November 2013, 14-56-17 по одесскому времени.<br />
misharash начал редактировать новость №17 - 01 December 2013, 13-40-18 по одесскому времени.<br />
misharash сохранил новость №17 - 01 December 2013, 13-42-23 по одесскому времени.<br />
misharash начал редактировать новость №18 - 01 December 2013, 13-47-50 по одесскому времени.<br />
misharash начал редактировать новость №17 - 01 December 2013, 13-47-51 по одесскому времени.<br />
misharash сохранил новость №17 - 01 December 2013, 13-50-40 по одесскому времени.<br />
misharash сохранил новость №18 - 01 December 2013, 13-50-45 по одесскому времени.<br />
misharash начал редактировать новость №17 - 01 December 2013, 13-51-36 по одесскому времени.<br />
misharash сохранил новость №17 - 01 December 2013, 13-52-14 по одесскому времени.<br />
misharash начал редактировать новость №19 - 02 December 2013, 18-08-14 по одесскому времени.<br />
misharash сохранил новость №19 - 02 December 2013, 18-10-01 по одесскому времени.<br />
misharash начал редактировать новость №19 - 02 December 2013, 18-27-59 по одесскому времени.<br />
misharash сохранил новость №19 - 02 December 2013, 18-28-29 по одесскому времени.<br />
misharash начал редактировать новость №18 - 02 December 2013, 19-07-09 по одесскому времени.<br />
misharash сохранил новость №18 - 02 December 2013, 19-07-35 по одесскому времени.<br />
misharash начал редактировать новость №18 - 03 December 2013, 21-20-33 по одесскому времени.<br />
misharash начал редактировать новость №19 - 03 December 2013, 21-20-34 по одесскому времени.<br />
misharash сохранил новость №18 - 03 December 2013, 21-21-12 по одесскому времени.<br />
misharash сохранил новость №19 - 03 December 2013, 21-21-16 по одесскому времени.<br />
misharash начал редактировать новость №19 - 03 December 2013, 21-21-36 по одесскому времени.<br />
misharash сохранил новость №19 - 03 December 2013, 21-23-15 по одесскому времени.<br />
misharash начал редактировать новость №19 - 03 December 2013, 21-23-24 по одесскому времени.<br />
misharash сохранил новость №19 - 03 December 2013, 21-23-40 по одесскому времени.<br />
misharash начал редактировать новость №19 - 03 December 2013, 21-23-54 по одесскому времени.<br />
misharash сохранил новость №19 - 03 December 2013, 21-24-29 по одесскому времени.<br />
misharash начал редактировать новость №19 - 03 December 2013, 21-37-15 по одесскому времени.<br />
misharash сохранил новость №19 - 03 December 2013, 21-37-37 по одесскому времени.<br />
misharash начал редактировать новость №19 - 05 December 2013, 21-24-14 по одесскому времени.<br />
misharash сохранил новость №19 - 05 December 2013, 21-24-37 по одесскому времени.<br />
misharash начал редактировать новость №19 - 08 December 2013, 13-23-30 по одесскому времени.<br />
misharash начал редактировать новость №20 - 08 December 2013, 13-23-31 по одесскому времени.<br />
misharash сохранил новость №19 - 08 December 2013, 13-28-02 по одесскому времени.<br />
misharash сохранил новость №20 - 08 December 2013, 13-28-19 по одесскому времени.<br />
misharash начал редактировать новость №19 - 08 December 2013, 13-28-53 по одесскому времени.<br />
misharash сохранил новость №19 - 08 December 2013, 13-29-04 по одесскому времени.<br />
misharash начал редактировать новость №19 - 09 December 2013, 19-42-30 по одесскому времени.<br />
misharash начал редактировать новость №20 - 09 December 2013, 19-42-36 по одесскому времени.<br />
misharash сохранил новость №20 - 09 December 2013, 19-47-52 по одесскому времени.<br />
misharash начал редактировать новость №20 - 09 December 2013, 19-48-06 по одесскому времени.<br />
misharash сохранил новость №20 - 09 December 2013, 19-48-19 по одесскому времени.<br />
misharash начал редактировать новость №20 - 11 December 2013, 12-55-32 по одесскому времени.<br />
misharash начал редактировать новость №20 - 11 December 2013, 21-35-39 по одесскому времени.<br />
misharash сохранил новость №20 - 11 December 2013, 21-45-35 по одесскому времени.<br />
misharash начал редактировать новость №20 - 11 December 2013, 21-45-48 по одесскому времени.<br />
misharash сохранил новость №20 - 11 December 2013, 21-45-55 по одесскому времени.<br />
misharash начал редактировать новость №20 - 11 December 2013, 21-46-26 по одесскому времени.<br />
misharash сохранил новость №20 - 11 December 2013, 21-46-46 по одесскому времени.<br />
misharash начал редактировать новость №20 - 12 December 2013, 10-53-43 по одесскому времени.<br />
misharash начал редактировать новость №20 - 12 December 2013, 21-40-10 по одесскому времени.<br />
misharash начал редактировать новость №20 - 13 December 2013, 21-59-27 по одесскому времени.<br />
misharash сохранил новость №20 - 13 December 2013, 22-01-14 по одесскому времени.<br />
misharash начал редактировать новость №21 - 13 December 2013, 22-01-21 по одесскому времени.<br />
misharash сохранил новость №21 - 13 December 2013, 22-04-23 по одесскому времени.<br />
misharash начал редактировать новость №22 - 13 December 2013, 22-04-28 по одесскому времени.<br />
misharash сохранил новость №22 - 13 December 2013, 22-11-40 по одесскому времени.<br />
misharash начал редактировать новость №23 - 14 December 2013, 16-51-02 по одесскому времени.<br />
misharash сохранил новость №23 - 14 December 2013, 16-53-59 по одесскому времени.<br />
misharash начал редактировать новость №23 - 17 December 2013, 19-25-12 по одесскому времени.<br />
misharash начал редактировать новость №22 - 17 December 2013, 19-25-16 по одесскому времени.<br />
misharash сохранил новость №22 - 17 December 2013, 19-26-20 по одесскому времени.<br />
misharash сохранил новость №23 - 17 December 2013, 19-26-28 по одесскому времени.<br />
misharash начал редактировать новость №24 - 22 December 2013, 12-55-32 по одесскому времени.<br />
misharash сохранил новость №24 - 22 December 2013, 13-03-10 по одесскому времени.<br />
misharash начал редактировать новость №25 - 22 December 2013, 13-05-00 по одесскому времени.<br />
misharash сохранил новость №25 - 22 December 2013, 13-05-51 по одесскому времени.<br />
misharash начал редактировать новость №23 - 22 December 2013, 13-06-00 по одесскому времени.<br />
misharash сохранил новость №23 - 22 December 2013, 13-07-03 по одесскому времени.<br />
anon начал редактировать новость №25 - 23 December 2013, 17-43-06 по одесскому времени.<br />
misharash начал редактировать новость №24 - 23 December 2013, 18-16-24 по одесскому времени.<br />
misharash сохранил новость №24 - 23 December 2013, 18-16-56 по одесскому времени.<br />
misharash начал редактировать новость №26 - 25 December 2013, 19-09-34 по одесскому времени.<br />
misharash сохранил новость №26 - 25 December 2013, 19-13-10 по одесскому времени.<br />
misharash начал редактировать новость №27 - 27 December 2013, 15-45-09 по одесскому времени.<br />
misharash сохранил новость №27 - 27 December 2013, 15-46-30 по одесскому времени.<br />
misharash начал редактировать новость №28 - 01 January 2014, 17-21-49 по одесскому времени.<br />
misharash сохранил новость №28 - 01 January 2014, 17-23-29 по одесскому времени.<br />
misharash начал редактировать новость №28 - 01 January 2014, 17-23-34 по одесскому времени.<br />
misharash сохранил новость №28 - 01 January 2014, 17-32-44 по одесскому времени.<br />
misharash начал редактировать новость №28 - 01 January 2014, 17-33-00 по одесскому времени.<br />
misharash сохранил новость №28 - 01 January 2014, 17-33-21 по одесскому времени.<br />
anon начал редактировать новость №28 - 04 January 2014, 07-51-58 по одесскому времени.<br />
anon сохранил новость №28 - 04 January 2014, 07-52-56 по одесскому времени.<br />
misharash начал редактировать новость №29 - 12 January 2014, 16-17-05 по одесскому времени.<br />
misharash сохранил новость №29 - 12 January 2014, 16-18-06 по одесскому времени.<br />
misharash начал редактировать новость №30 - 13 January 2014, 17-11-09 по одесскому времени.<br />
misharash сохранил новость №30 - 13 January 2014, 17-39-32 по одесскому времени.<br />
misharash начал редактировать новость №28 - 19 January 2014, 18-06-07 по одесскому времени.<br />
misharash начал редактировать новость №28 - 19 January 2014, 18-06-53 по одесскому времени.<br />
misharash сохранил новость №28 - 19 January 2014, 18-07-25 по одесскому времени.<br />
misharash начал редактировать новость №31 - 22 January 2014, 18-44-52 по одесскому времени.<br />
misharash сохранил новость №31 - 22 January 2014, 18-45-49 по одесскому времени.<br />
misharash начал редактировать новость №32 - 26 January 2014, 18-16-12 по одесскому времени.<br />
misharash сохранил новость №32 - 26 January 2014, 18-26-15 по одесскому времени.<br />
misharash начал редактировать новость №32 - 05 February 2014, 20-41-46 по одесскому времени.<br />
misharash начал редактировать новость №33 - 05 February 2014, 20-41-49 по одесскому времени.<br />
misharash сохранил новость №33 - 05 February 2014, 20-44-00 по одесскому времени.<br />
misharash начал редактировать новость №33 - 05 February 2014, 20-44-17 по одесскому времени.<br />
misharash сохранил новость №33 - 05 February 2014, 20-45-14 по одесскому времени.<br />
misharash начал редактировать новость №34 - 08 February 2014, 17-35-25 по одесскому времени.<br />
misharash сохранил новость №34 - 08 February 2014, 17-38-07 по одесскому времени.<br />
misharash начал редактировать новость №35 - 12 February 2014, 18-16-24 по одесскому времени.<br />
misharash сохранил новость №35 - 12 February 2014, 18-17-43 по одесскому времени.<br />
misharash начал редактировать новость №35 - 12 February 2014, 22-28-46 по одесскому времени.<br />
misharash сохранил новость №35 - 12 February 2014, 22-29-40 по одесскому времени.<br />
misharash начал редактировать новость №35 - 12 February 2014, 22-30-24 по одесскому времени.<br />
misharash сохранил новость №35 - 12 February 2014, 22-30-45 по одесскому времени.<br />
misharash начал редактировать новость №35 - 13 February 2014, 21-43-11 по одесскому времени.<br />
misharash сохранил новость №35 - 13 February 2014, 21-45-43 по одесскому времени.<br />
misharash начал редактировать новость №36 - 13 February 2014, 21-46-15 по одесскому времени.<br />
misharash сохранил новость №36 - 13 February 2014, 21-47-51 по одесскому времени.<br />
misharash начал редактировать новость №35 - 13 February 2014, 21-48-12 по одесскому времени.<br />
misharash сохранил новость №35 - 13 February 2014, 21-48-24 по одесскому времени.<br />
Drakon начал редактировать новость №37 - 24 February 2014, 23-28-46 по одесскому времени.<br />
Drakon сохранил новость №37 - 24 February 2014, 23-29-54 по одесскому времени.<br />
misharash начал редактировать новость №37 - 24 February 2014, 23-41-15 по одесскому времени.<br />
misharash сохранил новость №37 - 24 February 2014, 23-41-46 по одесскому времени.<br />
misharash начал редактировать новость №37 - 24 February 2014, 23-46-59 по одесскому времени.<br />
misharash сохранил новость №37 - 24 February 2014, 23-47-26 по одесскому времени.<br />
misharash начал редактировать новость №28 - 28 February 2014, 21-08-18 по одесскому времени.<br />
misharash сохранил новость №28 - 28 February 2014, 21-08-32 по одесскому времени.<br />
misharash начал редактировать новость №38 - 05 March 2014, 22-30-27 по одесскому времени.<br />
misharash сохранил новость №38 - 05 March 2014, 22-31-11 по одесскому времени.<br />
misharash начал редактировать новость №39 - 05 March 2014, 22-31-16 по одесскому времени.<br />
misharash сохранил новость №39 - 05 March 2014, 22-32-11 по одесскому времени.<br />
misharash начал редактировать новость №39 - 07 March 2014, 03-27-34 по одесскому времени.<br />
misharash сохранил новость №39 - 07 March 2014, 03-28-54 по одесскому времени.<br />
misharash начал редактировать новость №40 - 08 March 2014, 22-31-24 по одесскому времени.<br />
misharash сохранил новость №40 - 08 March 2014, 22-32-26 по одесскому времени.<br />
misharash начал редактировать новость №41 - 18 March 2014, 03-55-31 по одесскому времени.<br />
misharash сохранил новость №41 - 18 March 2014, 03-56-49 по одесскому времени.<br />
misharash сохранил новость №41 - 18 March 2014, 03-57-12 по одесскому времени.<br />
misharash начал редактировать новость №42 - 20 March 2014, 23-30-17 по одесскому времени.<br />
misharash сохранил новость №42 - 20 March 2014, 23-35-35 по одесскому времени.<br />
misharash начал редактировать новость №42 - 20 March 2014, 23-35-49 по одесскому времени.<br />
misharash сохранил новость №42 - 20 March 2014, 23-36-17 по одесскому времени.<br />
misharash начал редактировать новость №43 - 01 April 2014, 22-55-35 по одесскому времени.<br />
misharash сохранил новость №43 - 01 April 2014, 23-38-19 по одесскому времени.<br />
misharash начал редактировать новость №44 - 02 April 2014, 23-01-49 по одесскому времени.<br />
misharash сохранил новость №44 - 02 April 2014, 23-02-35 по одесскому времени.<br />
ykozachok начал редактировать новость №45 - 09 April 2014, 23-52-13 по одесскому времени.<br />
ykozachok сохранил новость №45 - 09 April 2014, 23-54-32 по одесскому времени.<br />
misharash начал редактировать новость №45 - 13 April 2014, 01-13-11 по одесскому времени.<br />
misharash сохранил новость №45 - 13 April 2014, 01-13-21 по одесскому времени.<br />
misharash начал редактировать новость №46 - 19 April 2014, 16-56-30 по одесскому времени.<br />
misharash сохранил новость №46 - 19 April 2014, 16-57-09 по одесскому времени.<br />
misharash начал редактировать новость №47 - 28 May 2014, 16-49-22 по одесскому времени.<br />
misharash сохранил новость №47 - 28 May 2014, 16-50-46 по одесскому времени.<br />
misharash начал редактировать новость №48 - 01 June 2014, 18-39-06 по одесскому времени.<br />
misharash сохранил новость №48 - 01 June 2014, 18-40-15 по одесскому времени.<br />
misharash начал редактировать новость №49 - 01 June 2014, 18-41-13 по одесскому времени.<br />
misharash сохранил новость №49 - 01 June 2014, 18-42-05 по одесскому времени.<br />
misharash начал редактировать новость №50 - 14 June 2014, 11-21-43 по одесскому времени.<br />
misharash сохранил новость №50 - 14 June 2014, 11-23-23 по одесскому времени.<br />
misharash начал редактировать новость №51 - 14 August 2014, 16-14-14 по одесскому времени.<br />
misharash сохранил новость №51 - 14 August 2014, 16-14-58 по одесскому времени.<br />
misharash начал редактировать новость №52 - 22 August 2014, 19-56-42 по одесскому времени.<br />
misharash сохранил новость №52 - 22 August 2014, 19-57-30 по одесскому времени.<br />
misharash начал редактировать новость №52 - 23 August 2014, 18-11-08 по одесскому времени.<br />
misharash начал редактировать новость №53 - 23 August 2014, 18-11-09 по одесскому времени.<br />
misharash сохранил новость №53 - 23 August 2014, 18-11-29 по одесскому времени.<br />
misharash сохранил новость №52 - 23 August 2014, 18-16-44 по одесскому времени.<br />
misharash начал редактировать новость №52 - 23 August 2014, 18-17-46 по одесскому времени.<br />
misharash сохранил новость №52 - 23 August 2014, 18-18-10 по одесскому времени.<br />
misharash начал редактировать новость №54 - 30 August 2014, 18-43-03 по одесскому времени.<br />
misharash сохранил новость №54 - 30 August 2014, 18-45-33 по одесскому времени.<br />
misharash начал редактировать новость №55 - 02 September 2014, 19-40-39 по одесскому времени.<br />
misharash сохранил новость №55 - 02 September 2014, 19-41-44 по одесскому времени.<br />
ykozachok начал редактировать новость №56 - 03 September 2014, 19-47-27 по одесскому времени.<br />
ykozachok сохранил новость №56 - 03 September 2014, 19-50-26 по одесскому времени.<br />
ykozachok начал редактировать новость №56 - 03 September 2014, 19-50-31 по одесскому времени.<br />
ykozachok сохранил новость №56 - 03 September 2014, 19-50-56 по одесскому времени.<br />
misharash начал редактировать новость №56 - 04 September 2014, 21-14-10 по одесскому времени.<br />
misharash начал редактировать новость №57 - 24 September 2014, 18-36-50 по одесскому времени.<br />
misharash сохранил новость №57 - 24 September 2014, 18-37-52 по одесскому времени.<br />
misharash начал редактировать новость №58 - 25 September 2014, 18-52-32 по одесскому времени.<br />
misharash сохранил новость №58 - 25 September 2014, 18-53-57 по одесскому времени.<br />
misharash начал редактировать новость №59 - 26 September 2014, 16-57-47 по одесскому времени.<br />
misharash сохранил новость №59 - 26 September 2014, 17-00-45 по одесскому времени.<br />
misharash начал редактировать новость №60 - 26 September 2014, 17-01-30 по одесскому времени.<br />
misharash сохранил новость №60 - 26 September 2014, 17-03-53 по одесскому времени.<br />
misharash начал редактировать новость №61 - 13 October 2014, 21-26-58 по одесскому времени.<br />
misharash сохранил новость №61 - 13 October 2014, 21-28-04 по одесскому времени.<br />
misharash начал редактировать новость №62 - 22 October 2014, 19-31-16 по одесскому времени.<br />
misharash сохранил новость №62 - 22 October 2014, 19-33-22 по одесскому времени.<br />
misharash начал редактировать новость №63 - 22 October 2014, 19-33-39 по одесскому времени.<br />
misharash сохранил новость №63 - 22 October 2014, 19-37-16 по одесскому времени.<br />
misharash начал редактировать новость №63 - 26 October 2014, 14-33-34 по одесскому времени.<br />
misharash сохранил новость №63 - 26 October 2014, 14-34-40 по одесскому времени.<br />
misharash начал редактировать новость №63 - 26 October 2014, 19-10-49 по одесскому времени.<br />
misharash сохранил новость №63 - 26 October 2014, 19-10-55 по одесскому времени.<br />
misharash начал редактировать новость №63 - 26 October 2014, 23-11-31 по одесскому времени.<br />
misharash начал редактировать новость №64 - 26 October 2014, 23-11-34 по одесскому времени.<br />
misharash сохранил новость №64 - 26 October 2014, 23-12-58 по одесскому времени.<br />
misharash начал редактировать новость №65 - 29 October 2014, 18-00-04 по одесскому времени.<br />
misharash сохранил новость №65 - 29 October 2014, 18-05-08 по одесскому времени.<br />
misharash начал редактировать новость №66 - 29 October 2014, 18-05-44 по одесскому времени.<br />
misharash сохранил новость №66 - 29 October 2014, 18-07-27 по одесскому времени.<br />
misharash начал редактировать новость №67 - 29 October 2014, 18-08-30 по одесскому времени.<br />
misharash сохранил новость №67 - 29 October 2014, 18-29-22 по одесскому времени.<br />
misharash начал редактировать новость №68 - 30 November 2014, 18-50-24 по одесскому времени.<br />
misharash сохранил новость №68 - 30 November 2014, 18-52-41 по одесскому времени.<br />
misharash начал редактировать новость №68 - 30 November 2014, 18-53-00 по одесскому времени.<br />
misharash сохранил новость №68 - 30 November 2014, 18-53-07 по одесскому времени.<br />
misharash сохранил новость №68 - 30 November 2014, 18-53-40 по одесскому времени.<br />
misharash сохранил новость №68 - 30 November 2014, 18-53-56 по одесскому времени.<br />
misharash начал редактировать новость №69 - 02 December 2014, 19-09-39 по одесскому времени.<br />
misharash сохранил новость №69 - 02 December 2014, 19-12-58 по одесскому времени.<br />
misharash начал редактировать новость №69 - 02 December 2014, 19-15-00 по одесскому времени.<br />
misharash сохранил новость №69 - 02 December 2014, 19-16-00 по одесскому времени.<br />
misharash начал редактировать новость №69 - 02 December 2014, 19-56-30 по одесскому времени.<br />
misharash сохранил новость №69 - 02 December 2014, 19-57-49 по одесскому времени.<br />
misharash начал редактировать новость №69 - 04 December 2014, 22-15-09 по одесскому времени.<br />
misharash сохранил новость №69 - 04 December 2014, 22-16-17 по одесскому времени.<br />
misharash начал редактировать новость №70 - 08 December 2014, 23-51-00 по одесскому времени.<br />
misharash сохранил новость №70 - 08 December 2014, 23-52-30 по одесскому времени.<br />
misharash начал редактировать новость №71 - 01 January 2015, 20-48-11 по одесскому времени.<br />
misharash начал редактировать новость №71 - 01 January 2015, 21-26-23 по одесскому времени.<br />
misharash сохранил новость №71 - 01 January 2015, 21-27-02 по одесскому времени.<br />
misharash начал редактировать новость №71 - 01 January 2015, 22-30-55 по одесскому времени.<br />
misharash начал редактировать новость №72 - 28 January 2015, 12-18-48 по одесскому времени.<br />
misharash сохранил новость №72 - 28 January 2015, 12-25-16 по одесскому времени.<br />
misharash начал редактировать новость №73 - 19 February 2015, 18-03-13 по одесскому времени.<br />
misharash сохранил новость №73 - 19 February 2015, 18-04-24 по одесскому времени.<br />
misharash начал редактировать новость №74 - 22 February 2015, 15-49-09 по одесскому времени.<br />
misharash сохранил новость №74 - 22 February 2015, 15-50-15 по одесскому времени.<br />
misharash начал редактировать новость №75 - 25 February 2015, 16-52-25 по одесскому времени.<br />
misharash сохранил новость №75 - 25 February 2015, 16-52-58 по одесскому времени.<br />
misharash начал редактировать новость №76 - 07 March 2015, 22-11-16 по одесскому времени.<br />
misharash сохранил новость №76 - 07 March 2015, 22-13-24 по одесскому времени.<br />
misharash начал редактировать новость №77 - 17 March 2015, 00-13-34 по одесскому времени.<br />
misharash сохранил новость №77 - 17 March 2015, 00-15-01 по одесскому времени.<br />
misharash начал редактировать новость №78 - 17 March 2015, 00-21-12 по одесскому времени.<br />
misharash начал редактировать новость №78 - 18 March 2015, 15-09-32 по одесскому времени.<br />
misharash сохранил новость №78 - 18 March 2015, 15-11-38 по одесскому времени.<br />
misharash начал редактировать новость №79 - 30 March 2015, 18-40-39 по одесскому времени.<br />
misharash сохранил новость №79 - 30 March 2015, 18-42-33 по одесскому времени.<br />
misharash начал редактировать новость №80 - 02 April 2015, 18-44-49 по одесскому времени.<br />
misharash сохранил новость №80 - 02 April 2015, 18-45-31 по одесскому времени.<br />
misharash начал редактировать новость №81 - 15 April 2015, 17-45-55 по одесскому времени.<br />
misharash сохранил новость №81 - 15 April 2015, 17-46-57 по одесскому времени.<br />
misharash начал редактировать новость №82 - 15 April 2015, 17-47-27 по одесскому времени.<br />
misharash начал редактировать новость №81 - 15 April 2015, 17-47-37 по одесскому времени.<br />
misharash сохранил новость №82 - 15 April 2015, 17-47-52 по одесскому времени.<br />
misharash сохранил новость №81 - 15 April 2015, 17-48-22 по одесскому времени.<br />
misharash начал редактировать новость №83 - 20 April 2015, 19-56-24 по одесскому времени.<br />
misharash сохранил новость №83 - 20 April 2015, 19-57-56 по одесскому времени.<br />
misharash начал редактировать новость №84 - 07 May 2015, 20-36-50 по одесскому времени.<br />
misharash сохранил новость №84 - 07 May 2015, 20-38-01 по одесскому времени.<br />
misharash начал редактировать новость №85 - 20 March 2016, 15-11-09 по одесскому времени.<br />
misharash сохранил новость №85 - 20 March 2016, 15-13-11 по одесскому времени.<br />
