misharash начал редактировать страницу phys - 25 December 2013, 20-25-59 по одесскому времени.<br />
misharash сохранил страницу phys - 25 December 2013, 20-26-20 по одесскому времени.<br />
misharash начал редактировать страницу students - 01 January 2014, 20-26-20 по одесскому времени.<br />
misharash сохранил страницу students - 01 January 2014, 20-26-38 по одесскому времени.<br />
misharash начал редактировать страницу students - 02 January 2014, 12-19-24 по одесскому времени.<br />
misharash сохранил страницу students - 02 January 2014, 12-19-46 по одесскому времени.<br />
misharash начал редактировать страницу teachers - 02 January 2014, 12-41-06 по одесскому времени.<br />
misharash начал редактировать страницу teachers - 02 January 2014, 12-42-47 по одесскому времени.<br />
misharash начал редактировать страницу teachers - 02 January 2014, 13-23-45 по одесскому времени.<br />
misharash сохранил страницу teachers - 02 January 2014, 13-23-54 по одесскому времени.<br />
misharash начал редактировать страницу teachers - 02 January 2014, 14-41-36 по одесскому времени.<br />
misharash сохранил страницу teachers - 02 January 2014, 14-42-12 по одесскому времени.<br />
misharash начал редактировать страницу students - 02 January 2014, 22-10-52 по одесскому времени.<br />
misharash сохранил страницу students - 02 January 2014, 22-26-50 по одесскому времени.<br />
misharash начал редактировать страницу students - 02 January 2014, 22-27-37 по одесскому времени.<br />
misharash сохранил страницу students - 02 January 2014, 22-27-51 по одесскому времени.<br />
misharash начал редактировать страницу students - 02 January 2014, 22-28-32 по одесскому времени.<br />
misharash сохранил страницу students - 02 January 2014, 22-29-17 по одесскому времени.<br />
misharash начал редактировать страницу olymp - 02 January 2014, 23-07-19 по одесскому времени.<br />
misharash сохранил страницу olymp - 02 January 2014, 23-07-44 по одесскому времени.<br />
misharash начал редактировать страницу students - 03 January 2014, 14-07-41 по одесскому времени.<br />
misharash сохранил страницу students - 03 January 2014, 14-09-06 по одесскому времени.<br />
anon начал редактировать страницу students - 04 January 2014, 07-54-51 по одесскому времени.<br />
anon сохранил страницу students - 04 January 2014, 07-55-21 по одесскому времени.<br />
misharash начал редактировать страницу photo - 04 January 2014, 16-06-56 по одесскому времени.<br />
misharash сохранил страницу photo - 04 January 2014, 16-10-36 по одесскому времени.<br />
misharash начал редактировать страницу routine - 12 January 2014, 16-13-14 по одесскому времени.<br />
misharash сохранил страницу routine - 12 January 2014, 16-13-24 по одесскому времени.<br />
misharash начал редактировать страницу olymp - 13 January 2014, 17-41-40 по одесскому времени.<br />
misharash сохранил страницу olymp - 13 January 2014, 18-24-07 по одесскому времени.<br />
misharash начал редактировать страницу phys - 15 January 2014, 15-53-26 по одесскому времени.<br />
misharash сохранил страницу phys - 15 January 2014, 15-54-54 по одесскому времени.<br />
misharash начал редактировать страницу archive - 19 January 2014, 11-47-57 по одесскому времени.<br />
misharash сохранил страницу archive - 19 January 2014, 11-49-26 по одесскому времени.<br />
misharash начал редактировать страницу olymp - 22 January 2014, 21-23-34 по одесскому времени.<br />
misharash начал редактировать страницу phys - 22 January 2014, 21-23-46 по одесскому времени.<br />
misharash сохранил страницу phys - 22 January 2014, 21-24-54 по одесскому времени.<br />
misharash сохранил страницу olymp - 22 January 2014, 21-29-58 по одесскому времени.<br />
misharash начал редактировать страницу olymp - 23 January 2014, 19-54-32 по одесскому времени.<br />
misharash сохранил страницу olymp - 23 January 2014, 19-54-43 по одесскому времени.<br />
misharash начал редактировать страницу olymp - 25 January 2014, 17-23-13 по одесскому времени.<br />
misharash сохранил страницу olymp - 25 January 2014, 17-27-35 по одесскому времени.<br />
misharash начал редактировать страницу olymp - 25 January 2014, 17-27-52 по одесскому времени.<br />
misharash сохранил страницу olymp - 25 January 2014, 17-28-10 по одесскому времени.<br />
misharash начал редактировать страницу olymp - 25 January 2014, 17-28-31 по одесскому времени.<br />
misharash сохранил страницу olymp - 25 January 2014, 17-28-42 по одесскому времени.<br />
misharash начал редактировать страницу archive - 25 January 2014, 21-28-43 по одесскому времени.<br />
misharash сохранил страницу archive - 25 January 2014, 21-29-28 по одесскому времени.<br />
misharash начал редактировать страницу lib - 26 January 2014, 17-34-07 по одесскому времени.<br />
misharash сохранил страницу lib - 26 January 2014, 17-35-09 по одесскому времени.<br />
misharash начал редактировать страницу olymp - 26 January 2014, 18-14-20 по одесскому времени.<br />
misharash сохранил страницу olymp - 26 January 2014, 18-15-46 по одесскому времени.<br />
misharash начал редактировать страницу olymp - 26 January 2014, 21-03-01 по одесскому времени.<br />
misharash сохранил страницу olymp - 26 January 2014, 21-03-30 по одесскому времени.<br />
misharash начал редактировать страницу archive - 28 January 2014, 16-48-32 по одесскому времени.<br />
misharash сохранил страницу archive - 28 January 2014, 17-09-06 по одесскому времени.<br />
misharash начал редактировать страницу index - 28 January 2014, 17-09-11 по одесскому времени.<br />
misharash начал редактировать страницу archive - 28 January 2014, 17-09-23 по одесскому времени.<br />
misharash сохранил страницу archive - 28 January 2014, 17-09-39 по одесскому времени.<br />
misharash начал редактировать страницу archive - 02 February 2014, 11-35-29 по одесскому времени.<br />
misharash сохранил страницу archive - 02 February 2014, 11-40-07 по одесскому времени.<br />
misharash начал редактировать страницу phys - 10 February 2014, 16-40-32 по одесскому времени.<br />
misharash сохранил страницу phys - 10 February 2014, 16-41-30 по одесскому времени.<br />
misharash сохранил страницу phys - 10 February 2014, 16-48-58 по одесскому времени.<br />
misharash начал редактировать страницу archive - 11 February 2014, 19-21-24 по одесскому времени.<br />
misharash сохранил страницу archive - 11 February 2014, 19-22-04 по одесскому времени.<br />
misharash начал редактировать страницу archive - 15 February 2014, 21-33-55 по одесскому времени.<br />
misharash сохранил страницу archive - 15 February 2014, 21-35-28 по одесскому времени.<br />
misharash начал редактировать страницу archive - 16 February 2014, 12-50-59 по одесскому времени.<br />
misharash сохранил страницу archive - 16 February 2014, 13-35-32 по одесскому времени.<br />
misharash начал редактировать страницу archive - 22 February 2014, 20-16-49 по одесскому времени.<br />
misharash сохранил страницу archive - 22 February 2014, 20-17-35 по одесскому времени.<br />
misharash начал редактировать страницу olymp - 22 February 2014, 20-46-58 по одесскому времени.<br />
misharash сохранил страницу olymp - 22 February 2014, 20-50-44 по одесскому времени.<br />
Drakon начал редактировать страницу index - 24 February 2014, 23-27-59 по одесскому времени.<br />
misharash начал редактировать страницу archive - 28 February 2014, 23-27-57 по одесскому времени.<br />
misharash сохранил страницу archive - 28 February 2014, 23-30-48 по одесскому времени.<br />
misharash начал редактировать страницу olymp - 01 March 2014, 22-21-00 по одесскому времени.<br />
misharash сохранил страницу olymp - 01 March 2014, 22-25-04 по одесскому времени.<br />
misharash начал редактировать страницу archive - 01 March 2014, 22-25-23 по одесскому времени.<br />
misharash начал редактировать страницу olymp - 01 March 2014, 22-25-29 по одесскому времени.<br />
misharash сохранил страницу olymp - 01 March 2014, 22-27-36 по одесскому времени.<br />
misharash начал редактировать страницу archive - 09 March 2014, 00-12-09 по одесскому времени.<br />
misharash сохранил страницу archive - 09 March 2014, 00-15-29 по одесскому времени.<br />
misharash начал редактировать страницу archive - 15 March 2014, 18-23-21 по одесскому времени.<br />
misharash сохранил страницу archive - 15 March 2014, 18-24-03 по одесскому времени.<br />
misharash начал редактировать страницу archive - 15 March 2014, 18-25-10 по одесскому времени.<br />
misharash сохранил страницу archive - 15 March 2014, 18-27-02 по одесскому времени.<br />
misharash начал редактировать страницу olymp - 16 March 2014, 20-23-39 по одесскому времени.<br />
misharash сохранил страницу olymp - 16 March 2014, 20-26-05 по одесскому времени.<br />
misharash начал редактировать страницу archive - 29 March 2014, 17-29-47 по одесскому времени.<br />
misharash сохранил страницу archive - 29 March 2014, 17-30-22 по одесскому времени.<br />
misharash начал редактировать страницу archive - 29 March 2014, 17-31-37 по одесскому времени.<br />
misharash сохранил страницу archive - 29 March 2014, 17-31-53 по одесскому времени.<br />
misharash начал редактировать страницу lib - 31 March 2014, 21-56-37 по одесскому времени.<br />
misharash сохранил страницу lib - 31 March 2014, 22-05-42 по одесскому времени.<br />
misharash начал редактировать страницу lib - 31 March 2014, 22-11-01 по одесскому времени.<br />
misharash сохранил страницу lib - 31 March 2014, 22-11-39 по одесскому времени.<br />
misharash начал редактировать страницу archive - 05 April 2014, 21-43-18 по одесскому времени.<br />
misharash сохранил страницу archive - 05 April 2014, 21-48-26 по одесскому времени.<br />
misharash начал редактировать страницу phys - 13 April 2014, 22-31-18 по одесскому времени.<br />
misharash сохранил страницу phys - 13 April 2014, 22-32-26 по одесскому времени.<br />
misharash начал редактировать страницу archive - 27 April 2014, 00-14-10 по одесскому времени.<br />
misharash сохранил страницу archive - 27 April 2014, 00-15-55 по одесскому времени.<br />
alexandricar начал редактировать страницу index - 28 April 2014, 23-41-20 по одесскому времени.<br />
ykozachok начал редактировать страницу dz - 03 May 2014, 00-42-39 по одесскому времени.<br />
ykozachok начал редактировать страницу dz - 10 May 2014, 17-36-41 по одесскому времени.<br />
misharash начал редактировать страницу summer - 14 June 2014, 11-05-15 по одесскому времени.<br />
misharash сохранил страницу summer - 14 June 2014, 11-20-12 по одесскому времени.<br />
misharash сохранил страницу summer - 14 June 2014, 11-21-01 по одесскому времени.<br />
misharash начал редактировать страницу summer - 21 July 2014, 13-48-30 по одесскому времени.<br />
misharash сохранил страницу summer - 21 July 2014, 13-52-43 по одесскому времени.<br />
misharash начал редактировать страницу olymp - 02 August 2014, 19-04-50 по одесскому времени.<br />
misharash начал редактировать страницу olymp - 02 August 2014, 19-06-10 по одесскому времени.<br />
misharash сохранил страницу olymp - 02 August 2014, 19-10-53 по одесскому времени.<br />
misharash начал редактировать страницу summer - 21 August 2014, 15-34-37 по одесскому времени.<br />
misharash сохранил страницу summer - 21 August 2014, 15-36-13 по одесскому времени.<br />
misharash начал редактировать страницу archive - 16 September 2014, 19-32-11 по одесскому времени.<br />
misharash сохранил страницу archive - 16 September 2014, 19-52-13 по одесскому времени.<br />
misharash сохранил страницу archive - 16 September 2014, 19-53-50 по одесскому времени.<br />
misharash начал редактировать страницу index - 16 September 2014, 20-18-08 по одесскому времени.<br />
misharash сохранил страницу index - 16 September 2014, 20-18-23 по одесскому времени.<br />
misharash начал редактировать страницу archive - 18 September 2014, 20-40-01 по одесскому времени.<br />
misharash сохранил страницу archive - 18 September 2014, 20-40-24 по одесскому времени.<br />
misharash начал редактировать страницу archive - 20 September 2014, 13-32-38 по одесскому времени.<br />
misharash сохранил страницу archive - 20 September 2014, 13-37-50 по одесскому времени.<br />
misharash начал редактировать страницу archive - 26 September 2014, 16-51-12 по одесскому времени.<br />
misharash сохранил страницу archive - 26 September 2014, 16-52-19 по одесскому времени.<br />
misharash сохранил страницу archive - 26 September 2014, 16-53-18 по одесскому времени.<br />
misharash начал редактировать страницу archive - 06 October 2014, 17-31-21 по одесскому времени.<br />
misharash сохранил страницу archive - 06 October 2014, 17-35-36 по одесскому времени.<br />
misharash начал редактировать страницу archive - 11 October 2014, 10-55-44 по одесскому времени.<br />
misharash сохранил страницу archive - 11 October 2014, 10-58-04 по одесскому времени.<br />
misharash сохранил страницу archive - 11 October 2014, 10-58-37 по одесскому времени.<br />
misharash начал редактировать страницу lib - 15 October 2014, 21-45-42 по одесскому времени.<br />
misharash сохранил страницу lib - 15 October 2014, 21-49-54 по одесскому времени.<br />
misharash сохранил страницу lib - 15 October 2014, 21-53-30 по одесскому времени.<br />
misharash сохранил страницу lib - 15 October 2014, 21-56-09 по одесскому времени.<br />
misharash начал редактировать страницу archive - 26 October 2014, 13-32-42 по одесскому времени.<br />
misharash сохранил страницу archive - 26 October 2014, 13-34-35 по одесскому времени.<br />
misharash начал редактировать страницу archive - 02 November 2014, 20-10-06 по одесскому времени.<br />
misharash сохранил страницу archive - 02 November 2014, 20-13-47 по одесскому времени.<br />
misharash начал редактировать страницу archive - 02 November 2014, 20-14-02 по одесскому времени.<br />
misharash сохранил страницу archive - 02 November 2014, 20-14-07 по одесскому времени.<br />
misharash начал редактировать страницу archive - 02 November 2014, 20-15-33 по одесскому времени.<br />
misharash сохранил страницу archive - 02 November 2014, 20-15-45 по одесскому времени.<br />
misharash начал редактировать страницу archive - 29 November 2014, 17-30-42 по одесскому времени.<br />
misharash сохранил страницу archive - 29 November 2014, 17-33-00 по одесскому времени.<br />
misharash сохранил страницу archive - 29 November 2014, 17-39-38 по одесскому времени.<br />
misharash начал редактировать страницу olymp - 29 November 2014, 17-59-55 по одесскому времени.<br />
misharash сохранил страницу olymp - 29 November 2014, 18-01-58 по одесскому времени.<br />
misharash начал редактировать страницу olymp - 29 November 2014, 18-02-09 по одесскому времени.<br />
misharash сохранил страницу olymp - 29 November 2014, 18-02-27 по одесскому времени.<br />
misharash начал редактировать страницу archive - 30 November 2014, 13-05-15 по одесскому времени.<br />
misharash начал редактировать страницу archive - 21 December 2014, 17-57-18 по одесскому времени.<br />
misharash сохранил страницу archive - 21 December 2014, 18-34-55 по одесскому времени.<br />
misharash начал редактировать страницу lib - 02 January 2015, 12-52-07 по одесскому времени.<br />
misharash сохранил страницу lib - 02 January 2015, 12-59-25 по одесскому времени.<br />
misharash начал редактировать страницу lib - 02 January 2015, 13-02-27 по одесскому времени.<br />
misharash сохранил страницу lib - 02 January 2015, 13-02-43 по одесскому времени.<br />
misharash сохранил страницу lib - 02 January 2015, 13-10-33 по одесскому времени.<br />
misharash начал редактировать страницу lib - 05 January 2015, 17-54-34 по одесскому времени.<br />
misharash сохранил страницу lib - 05 January 2015, 17-55-45 по одесскому времени.<br />
misharash начал редактировать страницу lib - 05 January 2015, 21-34-18 по одесскому времени.<br />
misharash сохранил страницу lib - 05 January 2015, 21-35-31 по одесскому времени.<br />
misharash начал редактировать страницу archive - 11 January 2015, 23-14-35 по одесскому времени.<br />
misharash сохранил страницу archive - 11 January 2015, 23-16-28 по одесскому времени.<br />
misharash начал редактировать страницу archive - 25 January 2015, 13-21-49 по одесскому времени.<br />
misharash сохранил страницу archive - 25 January 2015, 13-36-06 по одесскому времени.<br />
misharash начал редактировать страницу archive - 25 January 2015, 15-19-17 по одесскому времени.<br />
misharash сохранил страницу archive - 25 January 2015, 15-19-29 по одесскому времени.<br />
misharash начал редактировать страницу olymp - 26 January 2015, 19-03-41 по одесскому времени.<br />
misharash сохранил страницу olymp - 26 January 2015, 19-10-48 по одесскому времени.<br />
misharash начал редактировать страницу lib - 05 February 2015, 19-52-06 по одесскому времени.<br />
misharash сохранил страницу lib - 05 February 2015, 19-53-44 по одесскому времени.<br />
misharash начал редактировать страницу archive - 08 February 2015, 15-32-05 по одесскому времени.<br />
misharash сохранил страницу archive - 08 February 2015, 15-34-06 по одесскому времени.<br />
misharash сохранил страницу archive - 08 February 2015, 15-35-06 по одесскому времени.<br />
misharash начал редактировать страницу lib - 11 February 2015, 21-40-01 по одесскому времени.<br />
misharash начал редактировать страницу archive - 16 February 2015, 17-37-11 по одесскому времени.<br />
misharash сохранил страницу archive - 16 February 2015, 17-39-52 по одесскому времени.<br />
misharash начал редактировать страницу archive - 22 February 2015, 15-28-49 по одесскому времени.<br />
misharash сохранил страницу archive - 22 February 2015, 15-46-02 по одесскому времени.<br />
misharash начал редактировать страницу olymp - 27 February 2015, 18-08-20 по одесскому времени.<br />
misharash сохранил страницу olymp - 27 February 2015, 18-16-29 по одесскому времени.<br />
misharash сохранил страницу olymp - 27 February 2015, 18-17-30 по одесскому времени.<br />
misharash сохранил страницу olymp - 27 February 2015, 18-18-01 по одесскому времени.<br />
misharash начал редактировать страницу lib - 15 March 2015, 14-03-49 по одесскому времени.<br />
misharash сохранил страницу lib - 15 March 2015, 14-05-13 по одесскому времени.<br />
misharash начал редактировать страницу archive - 15 March 2015, 21-36-07 по одесскому времени.<br />
misharash сохранил страницу archive - 15 March 2015, 21-37-21 по одесскому времени.<br />
misharash сохранил страницу archive - 15 March 2015, 21-39-04 по одесскому времени.<br />
misharash начал редактировать страницу archive - 05 April 2015, 21-23-16 по одесскому времени.<br />
misharash сохранил страницу archive - 05 April 2015, 21-24-51 по одесскому времени.<br />
misharash начал редактировать страницу olymp - 07 April 2015, 21-04-54 по одесскому времени.<br />
misharash сохранил страницу olymp - 07 April 2015, 21-05-41 по одесскому времени.<br />
misharash сохранил страницу olymp - 07 April 2015, 21-06-21 по одесскому времени.<br />
misharash сохранил страницу olymp - 07 April 2015, 21-11-35 по одесскому времени.<br />
misharash начал редактировать страницу archive - 19 April 2015, 10-55-19 по одесскому времени.<br />
misharash сохранил страницу archive - 19 April 2015, 11-04-17 по одесскому времени.<br />
misharash начал редактировать страницу archive - 05 May 2015, 17-45-22 по одесскому времени.<br />
misharash сохранил страницу archive - 05 May 2015, 17-53-23 по одесскому времени.<br />
misharash сохранил страницу archive - 05 May 2015, 17-54-32 по одесскому времени.<br />
misharash начал редактировать страницу olymp - 20 March 2016, 15-17-40 по одесскому времени.<br />
misharash сохранил страницу olymp - 20 March 2016, 15-24-07 по одесскому времени.<br />
misharash сохранил страницу olymp - 20 March 2016, 15-31-43 по одесскому времени.<br />
misharash сохранил страницу olymp - 20 March 2016, 15-38-43 по одесскому времени.<br />
